[2016-11-09 11:33:42.768] [INFO] console - 数据处理对象实例化！！！
[2016-11-09 11:33:42.775] [INFO] console - 读取系统配置文件config.yml
[2016-11-09 11:33:42.776] [INFO] index.js - 第1个参数为:D:\Program Files\nodejs\node.exe
[2016-11-09 11:33:42.777] [INFO] index.js - 第2个参数为:E:\渲染引擎\工具集\新版课件制作工具\index.js
[2016-11-09 11:33:42.778] [INFO] index.js - 第3个参数为:--g
[2016-11-09 11:33:42.779] [INFO] console - >>>>>>>>>>>>>>>>>>>>>>>>>
[2016-11-09 11:33:42.779] [WARN] index.js - 生成页面
[2016-11-09 11:33:42.780] [INFO] console - 正在清空output目录......
[2016-11-09 11:33:44.137] [INFO] console - output目录清空完成......
[2016-11-09 11:33:44.138] [INFO] console - 正在复制主题目录......
[2016-11-09 11:33:46.865] [INFO] console - 主题文件复制完成......
[2016-11-09 11:33:46.868] [INFO] console - 正在复制课件图片目录......
[2016-11-09 11:33:46.873] [INFO] console - 图片复制完成......
[2016-11-09 11:34:22.163] [WARN] process.js - ddddddddddddd
[2016-11-09 11:34:22.178] [INFO] console - 数据处理对象实例化！！！
[2016-11-09 11:34:22.179] [INFO] console - 读取系统配置文件config.yml
[2016-11-09 11:34:22.180] [INFO] index.js - 第1个参数为:D:\Program Files\nodejs\node.exe
[2016-11-09 11:34:22.181] [INFO] index.js - 第2个参数为:E:\渲染引擎\工具集\新版课件制作工具\index.js
[2016-11-09 11:34:22.182] [INFO] index.js - 第3个参数为:--g
[2016-11-09 11:34:22.183] [INFO] console - >>>>>>>>>>>>>>>>>>>>>>>>>
[2016-11-09 11:34:22.183] [WARN] index.js - 生成页面
[2016-11-09 11:34:22.185] [INFO] console - 正在清空output目录......
[2016-11-09 11:34:27.046] [INFO] console - output目录清空完成......
[2016-11-09 11:34:27.049] [INFO] console - 正在复制主题目录......
[2016-11-09 11:34:29.864] [INFO] console - 主题文件复制完成......
[2016-11-09 11:34:29.868] [INFO] console - 正在复制课件图片目录......
[2016-11-09 11:34:29.874] [INFO] console - 图片复制完成......
[2016-11-09 11:34:37.765] [INFO] console - 数据处理对象实例化！！！
[2016-11-09 11:34:37.775] [INFO] console - 读取系统配置文件config.yml
[2016-11-09 11:34:37.776] [INFO] index.js - 第1个参数为:D:\Program Files\nodejs\node.exe
[2016-11-09 11:34:37.777] [INFO] index.js - 第2个参数为:E:\渲染引擎\工具集\新版课件制作工具\index.js
[2016-11-09 11:34:37.779] [INFO] index.js - 第3个参数为:--g
[2016-11-09 11:34:37.780] [INFO] console - >>>>>>>>>>>>>>>>>>>>>>>>>
[2016-11-09 11:34:37.780] [WARN] index.js - 生成页面
[2016-11-09 11:34:37.781] [WARN] process.js - ddddddddddddd
[2016-11-09 11:34:37.782] [INFO] console - 正在清空output目录......
[2016-11-09 11:34:42.401] [INFO] console - output目录清空完成......
[2016-11-09 11:34:42.404] [INFO] console - 正在复制主题目录......
[2016-11-09 11:34:45.613] [INFO] console - 主题文件复制完成......
[2016-11-09 11:34:45.617] [INFO] console - 正在复制课件图片目录......
[2016-11-09 11:34:45.623] [INFO] console - 图片复制完成......
[2016-11-09 11:34:46.760] [INFO] console - 数据处理对象实例化！！！
[2016-11-09 11:34:46.773] [INFO] console - 读取系统配置文件config.yml
[2016-11-09 11:34:46.775] [INFO] index.js - 第1个参数为:D:\Program Files\nodejs\node.exe
[2016-11-09 11:34:46.776] [INFO] index.js - 第2个参数为:E:\渲染引擎\工具集\新版课件制作工具\index.js
[2016-11-09 11:34:46.779] [INFO] index.js - 第3个参数为:--g
[2016-11-09 11:34:46.780] [INFO] console - >>>>>>>>>>>>>>>>>>>>>>>>>
[2016-11-09 11:34:46.780] [WARN] index.js - 生成页面
[2016-11-09 11:34:46.781] [ERROR] process.js - ddddddddddddd
[2016-11-09 11:34:46.783] [INFO] console - 正在清空output目录......
[2016-11-09 11:34:48.617] [INFO] console - output目录清空完成......
[2016-11-09 11:34:48.619] [INFO] console - 正在复制主题目录......
[2016-11-09 11:34:51.322] [INFO] console - 主题文件复制完成......
[2016-11-09 11:34:51.326] [INFO] console - 正在复制课件图片目录......
[2016-11-09 11:34:51.331] [INFO] console - 图片复制完成......
[2016-11-09 11:37:49.705] [INFO] console - 数据处理对象实例化！！！
[2016-11-09 11:37:49.712] [INFO] console - 读取系统配置文件config.yml
[2016-11-09 11:37:49.713] [INFO] index.js - 第1个参数为:D:\Program Files\nodejs\node.exe
[2016-11-09 11:37:49.714] [INFO] index.js - 第2个参数为:E:\渲染引擎\工具集\新版课件制作工具\index.js
[2016-11-09 11:37:49.715] [INFO] index.js - 第3个参数为:--g
[2016-11-09 11:37:49.716] [INFO] console - >>>>>>>>>>>>>>>>>>>>>>>>>
[2016-11-09 11:37:49.716] [WARN] index.js - 生成页面
[2016-11-09 11:37:49.717] [ERROR] process.js - ddddddddddddd
[2016-11-09 11:37:49.718] [INFO] console - 正在清空output目录......
[2016-11-09 11:37:53.764] [INFO] console - output目录清空完成......
[2016-11-09 11:37:53.766] [INFO] console - 正在复制主题目录......
[2016-11-09 11:37:57.284] [INFO] console - 主题文件复制完成......
[2016-11-09 11:37:57.288] [INFO] console - 正在复制课件图片目录......
[2016-11-09 11:37:57.293] [INFO] console - 图片复制完成......
[2016-11-09 11:38:26.294] [INFO] console - 数据处理对象实例化！！！
[2016-11-09 11:38:26.302] [INFO] console - 读取系统配置文件config.yml
[2016-11-09 11:38:26.303] [INFO] index.js - 第1个参数为:D:\Program Files\nodejs\node.exe
[2016-11-09 11:38:26.304] [INFO] index.js - 第2个参数为:E:\渲染引擎\工具集\新版课件制作工具\index.js
[2016-11-09 11:38:26.305] [INFO] index.js - 第3个参数为:--g
[2016-11-09 11:38:26.306] [INFO] console - >>>>>>>>>>>>>>>>>>>>>>>>>
[2016-11-09 11:38:26.306] [WARN] index.js - 生成页面
[2016-11-09 11:38:26.307] [ERROR] E:\渲染引擎\工具集\新版课件制作工具\srcprocess.js - ddddddddddddd
[2016-11-09 11:38:26.309] [INFO] console - 正在清空output目录......
[2016-11-09 11:38:27.784] [INFO] console - output目录清空完成......
[2016-11-09 11:38:27.787] [INFO] console - 正在复制主题目录......
[2016-11-09 11:38:31.635] [INFO] console - 主题文件复制完成......
[2016-11-09 11:38:31.638] [INFO] console - 正在复制课件图片目录......
[2016-11-09 11:38:31.643] [INFO] console - 图片复制完成......
[2016-11-09 11:40:01.486] [INFO] console - { '0': 'index.js' }
[2016-11-09 11:40:01.631] [INFO] console - { '0': 'E:\\渲染引擎\\工具集\\新版课件制作工具\\srcprocess.js' }
[2016-11-09 11:40:01.633] [INFO] console - 数据处理对象实例化！！！
[2016-11-09 11:40:01.634] [INFO] console - 读取系统配置文件config.yml
[2016-11-09 11:40:01.635] [INFO] index.js - 第1个参数为:D:\Program Files\nodejs\node.exe
[2016-11-09 11:40:01.636] [INFO] index.js - 第2个参数为:E:\渲染引擎\工具集\新版课件制作工具\index.js
[2016-11-09 11:40:01.638] [INFO] index.js - 第3个参数为:--c
[2016-11-09 11:40:01.638] [INFO] console - >>>>>>>>>>>>>>>>>>>>>>>>>
[2016-11-09 11:40:01.639] [WARN] index.js - 清空output目录
[2016-11-09 11:40:01.640] [INFO] console - 正在清空output目录......
[2016-11-09 11:40:04.766] [INFO] console - output目录清空完成......
[2016-11-09 11:40:30.436] [INFO] console - { '0': 'index.js' }
[2016-11-09 11:40:30.568] [INFO] console - { '0': {} }
[2016-11-09 11:40:30.570] [INFO] console - 数据处理对象实例化！！！
[2016-11-09 11:40:30.570] [INFO] console - 读取系统配置文件config.yml
[2016-11-09 11:40:30.571] [INFO] index.js - 第1个参数为:D:\Program Files\nodejs\node.exe
[2016-11-09 11:40:30.572] [INFO] index.js - 第2个参数为:E:\渲染引擎\工具集\新版课件制作工具\index.js
[2016-11-09 11:40:30.573] [INFO] index.js - 第3个参数为:--c
[2016-11-09 11:40:30.574] [INFO] console - >>>>>>>>>>>>>>>>>>>>>>>>>
[2016-11-09 11:40:30.574] [WARN] index.js - 清空output目录
[2016-11-09 11:40:30.575] [INFO] console - 正在清空output目录......
[2016-11-09 11:40:30.580] [INFO] console - output目录清空完成......
[2016-11-09 11:40:35.376] [INFO] console - { '0': 'index.js' }
[2016-11-09 11:40:35.515] [INFO] console - { '0': {} }
[2016-11-09 11:40:35.517] [INFO] console - 数据处理对象实例化！！！
[2016-11-09 11:40:35.517] [INFO] console - 读取系统配置文件config.yml
[2016-11-09 11:40:35.518] [INFO] index.js - 第1个参数为:D:\Program Files\nodejs\node.exe
[2016-11-09 11:40:35.519] [INFO] index.js - 第2个参数为:E:\渲染引擎\工具集\新版课件制作工具\index.js
[2016-11-09 11:40:35.521] [INFO] index.js - 第3个参数为:--c
[2016-11-09 11:40:35.521] [INFO] console - >>>>>>>>>>>>>>>>>>>>>>>>>
[2016-11-09 11:40:35.522] [WARN] index.js - 清空output目录
[2016-11-09 11:40:35.522] [INFO] console - 正在清空output目录......
[2016-11-09 11:40:35.528] [INFO] console - output目录清空完成......
